         1        40      1200      0.0000006192      0.0000006320
         1        80      1200      0.0000005073      0.0000003994
         1       120      1200      0.0000003905      0.0000002523
         1       160      1200      0.0000002885      0.0000001598
         1       200      1200      0.0000002079      0.0000000714
         1       240      1200      0.0000001474      0.0000000457
         1       280      1200      0.0000001033      0.0000001260
         1       320      1200      0.0000000717      0.0000000378
         1       360      1200      0.0000000495      0.0000000006
         1       400      1200      0.0000000340      0.0000000006
         1       440      1200      0.0000000232      0.0000000039
         1       480      1200      0.0000000158      0.0000000002
         1       520      1200      0.0000000108      0.0000000001
         1       560      1200      0.0000000073      0.0000000001
         1       600      1200      0.0000000050      0.0000000003
         1       640      1200      0.0000000034      0.0000000363
         1       680      1200      0.0000000023      0.0000000000
         1       720      1200      0.0000000015      0.0000000000
         1       760      1200      0.0000000010      0.0000000000
         1       800      1200      0.0000000007      0.0000000000
         1       840      1200      0.0000000005      0.0000000000
         1       880      1200      0.0000000003      0.0000000000
         1       920      1200      0.0000000002      0.0000000000
         1       960      1200      0.0000000001      0.0000000000
         1      1000      1200      0.0000000001      0.0000000000
         1      1040      1200      0.0000000001      0.0000000000
         1      1080      1200      0.0000000000      0.0000000000
         1      1120      1200      0.0000000000      0.0000000000
         1      1160      1200      0.0000000000      0.0000000000
         1      1200      1200      0.0000000000      0.0000000000
   0.99500   0.99875   0.99500
   0.98580   0.98940   0.99300
   0.10000   0.80000   0.10000
    11.77938686     1.13395437     0.83948598     0.29446838     0.30399693
     0.24880134     0.03830083     0.01602284     0.02667680     0.00981084
     0.02112176     0.03377634     0.01908648     0.09059308     0.03227281
    12.37768961     1.19024811     0.87438065     0.33008613     0.31401600
    11.17003742     1.07917703     0.80320584     0.25723297     0.29439000
     0.09970909     0.96053573
     0.09970884     0.96053582
     0.99999092     0.00005605
    12.51047098     0.32710000
     0.09501943     0.96054173
     0.09502017     0.96054143
     0.99998529     0.00007678
    11.11282154     0.32710000
     0.09970903     0.96053575
     0.09501961     0.96054165
    40.63104613     3.36361903    49.34864038    35.41065902
   489.07387972   233.56464767  1401.97026943   140.26448997
  1979.89001239   826.14251340  4892.77587218   805.24344990
  1793.87430348   803.60445288  4890.13795353   648.67376423
    -2.37417344     0.05513827    -2.00074183    -2.40000000
    -2.38209206     0.04606277    -1.99565031    -2.40000000
    -1.61815543     0.53750689     0.45629675    -2.40000000
     0.81714627     0.01142105     0.84516061     0.78991528
     0.16402369     0.00951996     0.19040619     0.14485371
     0.24142757     0.00976591     0.26896035     0.21948825
     0.54942336     0.00966695     0.57581133     0.52439266
     0.72789117     0.00910658     0.75134153     0.70358462
     0.87522335     0.00791685     0.89491115     0.85617771
     0.91743739     0.00746815     0.93551387     0.90000089
     0.94456501     0.00735017     0.96212226     0.92716795
     0.98336517     0.00606916     0.99722478     0.96881804
     1.00368437     0.00349012     1.01124032     0.99576348
     0.10975141     0.02428820     0.16620000     0.05710000
     0.00022669     0.00026487     0.00153333     0.00000000
         2        40      1200      0.0000003579      0.0000003347
         2        80      1200      0.0000002687      0.0000002052
         2       120      1200      0.0000002020      0.0000001290
         2       160      1200      0.0000001485      0.0000001644
         2       200      1200      0.0000001069      0.0000001579
         2       240      1200      0.0000000758      0.0000001352
         2       280      1200      0.0000000531      0.0000001312
         2       320      1200      0.0000000369      0.0000000396
         2       360      1200      0.0000000254      0.0000000002
         2       400      1200      0.0000000175      0.0000000002
         2       440      1200      0.0000000119      0.0000000002
         2       480      1200      0.0000000081      0.0000000001
         2       520      1200      0.0000000055      0.0000000006
         2       560      1200      0.0000000038      0.0000000001
         2       600      1200      0.0000000026      0.0000000001
         2       640      1200      0.0000000017      0.0000000000
         2       680      1200      0.0000000012      0.0000000000
         2       720      1200      0.0000000008      0.0000000000
         2       760      1200      0.0000000005      0.0000000000
         2       800      1200      0.0000000004      0.0000000000
         2       840      1200      0.0000000002      0.0000000000
         2       880      1200      0.0000000002      0.0000000000
         2       920      1200      0.0000000001      0.0000000000
         2       960      1200      0.0000000001      0.0000000000
         2      1000      1200      0.0000000001      0.0000000000
         2      1040      1200      0.0000000000      0.0000000000
         2      1080      1200      0.0000000000      0.0000000000
         2      1120      1200      0.0000000000      0.0000000000
         2      1160      1200      0.0000000000      0.0000000000
         2      1200      1200      0.0000000000      0.0000000000
   0.99500   0.99875   0.99500
   0.98580   0.98940   0.99300
   0.10000   0.80000   0.10000
    11.77938751     1.13395439     0.83948599     0.29446840     0.30399693
     0.24880144     0.03830083     0.01602283     0.02667680     0.00981084
     0.02112176     0.03377634     0.01908648     0.09059310     0.03227281
    12.37769047     1.19024814     0.87438066     0.33008615     0.31401600
    11.17003780     1.07917704     0.80320585     0.25723299     0.29439000
     0.09970903     0.96053575
     0.09970882     0.96053583
     0.99999092     0.00005605
    12.51047195     0.32710000
     0.09501961     0.96054165
     0.09502012     0.96054145
     0.99998529     0.00007678
    11.11282175     0.32710000
     0.09970898     0.96053577
     0.09501974     0.96054160
    40.63099574     3.36360262    49.34855186    35.41063097
   489.07295342   233.56406818  1401.96817072   140.26445447
  1979.88361161   826.13835880  4892.75657694   805.24197920
  1793.86970677   803.60069610  4890.11865469   648.67316458
    -2.37417343     0.05513829    -2.00074175    -2.40000000
    -2.38209204     0.04606281    -1.99564982    -2.40000000
    -1.61815494     0.53750711     0.45629822    -2.40000000
     0.81714613     0.01142106     0.84516049     0.78991513
     0.16402350     0.00951994     0.19040596     0.14485356
     0.24142734     0.00976590     0.26896008     0.21948806
     0.54942309     0.00966695     0.57581106     0.52439241
     0.72789095     0.00910659     0.75134131     0.70358441
     0.87522323     0.00791686     0.89491105     0.85617757
     0.91743731     0.00746816     0.93551381     0.90000080
     0.94456496     0.00735018     0.96212222     0.92716789
     0.98336514     0.00606916     0.99722476     0.96881800
     1.00368436     0.00349012     1.01124031     0.99576347
     0.10975131     0.02428820     0.16620000     0.05710000
     0.00022669     0.00026487     0.00153333     0.00000000
         3        40      1200      0.0000001828      0.0000001684
         3        80      1200      0.0000001354      0.0000000701
         3       120      1200      0.0000001015      0.0000000452
         3       160      1200      0.0000000746      0.0000001245
         3       200      1200      0.0000000537      0.0000000140
         3       240      1200      0.0000000381      0.0000000007
         3       280      1200      0.0000000267      0.0000000006
         3       320      1200      0.0000000185      0.0000000003
         3       360      1200      0.0000000128      0.0000000006
         3       400      1200      0.0000000088      0.0000000002
         3       440      1200      0.0000000060      0.0000000104
         3       480      1200      0.0000000041      0.0000000000
         3       520      1200      0.0000000028      0.0000000003
         3       560      1200      0.0000000019      0.0000000002
         3       600      1200      0.0000000013      0.0000000001
         3       640      1200      0.0000000009      0.0000000001
         3       680      1200      0.0000000006      0.0000000000
         3       720      1200      0.0000000004      0.0000000000
         3       760      1200      0.0000000003      0.0000000000
         3       800      1200      0.0000000002      0.0000000000
         3       840      1200      0.0000000001      0.0000000001
         3       880      1200      0.0000000001      0.0000000000
         3       920      1200      0.0000000001      0.0000000000
         3       960      1200      0.0000000000      0.0000000000
         3      1000      1200      0.0000000000      0.0000000000
         3      1040      1200      0.0000000000      0.0000000000
         3      1080      1200      0.0000000000      0.0000000000
         3      1120      1200      0.0000000000      0.0000000000
         3      1160      1200      0.0000000000      0.0000000000
         3      1200      1200      0.0000000000      0.0000000000
   0.99500   0.99875   0.99500
   0.98580   0.98940   0.99300
   0.10000   0.80000   0.10000
    11.77938783     1.13395440     0.83948599     0.29446841     0.30399693
     0.24880149     0.03830083     0.01602283     0.02667681     0.00981084
     0.02112177     0.03377634     0.01908648     0.09059311     0.03227281
    12.37769091     1.19024816     0.87438066     0.33008616     0.31401600
    11.17003796     1.07917704     0.80320585     0.25723300     0.29439000
     0.09970898     0.96053577
     0.09970881     0.96053584
     0.99999092     0.00005605
    12.51047245     0.32710000
     0.09501974     0.96054160
     0.09502009     0.96054146
     0.99998529     0.00007678
    11.11282182     0.32710000
     0.09970894     0.96053579
     0.09501983     0.96054157
    40.63097046     3.36359439    49.34850743    35.41061681
   489.07248865   233.56377719  1401.96711337   140.26443638
  1979.88039961   826.13627225  4892.74687817   805.24123915
  1793.86739953   803.59880882  4890.10895412   648.67286326
    -2.37417342     0.05513830    -2.00074170    -2.40000000
    -2.38209203     0.04606284    -1.99564956    -2.40000000
    -1.61815469     0.53750721     0.45629897    -2.40000000
     0.81714606     0.01142106     0.84516043     0.78991506
     0.16402340     0.00951993     0.19040584     0.14485349
     0.24142722     0.00976589     0.26895995     0.21948796
     0.54942296     0.00966695     0.57581092     0.52439229
     0.72789084     0.00910659     0.75134121     0.70358430
     0.87522317     0.00791686     0.89491100     0.85617750
     0.91743727     0.00746816     0.93551378     0.90000076
     0.94456493     0.00735018     0.96212220     0.92716786
     0.98336512     0.00606916     0.99722475     0.96881798
     1.00368436     0.00349012     1.01124031     0.99576347
     0.10975127     0.02428820     0.16620000     0.05710000
     0.00022669     0.00026487     0.00153333     0.00000000
         4        40      1200      0.0000000934      0.0000001699
         4        80      1200      0.0000000680      0.0000000524
         4       120      1200      0.0000000508      0.0000000075
         4       160      1200      0.0000000373      0.0000000059
         4       200      1200      0.0000000268      0.0000000062
         4       240      1200      0.0000000190      0.0000000006
         4       280      1200      0.0000000133      0.0000000006
         4       320      1200      0.0000000092      0.0000000003
         4       360      1200      0.0000000064      0.0000000003
         4       400      1200      0.0000000044      0.0000000001
         4       440      1200      0.0000000030      0.0000000000
         4       480      1200      0.0000000020      0.0000000000
         4       520      1200      0.0000000014      0.0000000001
         4       560      1200      0.0000000009      0.0000000000
         4       600      1200      0.0000000006      0.0000000000
         4       640      1200      0.0000000004      0.0000000000
         4       680      1200      0.0000000003      0.0000000000
         4       720      1200      0.0000000002      0.0000000000
         4       760      1200      0.0000000001      0.0000000000
         4       800      1200      0.0000000001      0.0000000000
         4       840      1200      0.0000000001      0.0000000000
         4       880      1200      0.0000000000      0.0000000000
         4       920      1200      0.0000000000      0.0000000000
         4       960      1200      0.0000000000      0.0000000000
         4      1000      1200      0.0000000000      0.0000000000
         4      1040      1200      0.0000000000      0.0000000000
         4      1080      1200      0.0000000000      0.0000000000
         4      1120      1200      0.0000000000      0.0000000000
         4      1160      1200      0.0000000000      0.0000000000
         4      1200      1200      0.0000000000      0.0000000000
   0.99500   0.99875   0.99500
   0.98580   0.98940   0.99300
   0.10000   0.80000   0.10000
    11.77938799     1.13395441     0.83948599     0.29446841     0.30399693
     0.24880153     0.03830083     0.01602283     0.02667681     0.00981084
     0.02112177     0.03377634     0.01908648     0.09059311     0.03227281
    12.37769114     1.19024816     0.87438066     0.33008617     0.31401600
    11.17003802     1.07917705     0.80320585     0.25723301     0.29439000
     0.09970894     0.96053579
     0.09970881     0.96053584
     0.99999092     0.00005605
    12.51047270     0.32710000
     0.09501983     0.96054157
     0.09502007     0.96054147
     0.99998529     0.00007678
    11.11282182     0.32710000
     0.09970890     0.96053580
     0.09501989     0.96054154
    40.63095784     3.36359029    49.34848525    35.41060969
   489.07225662   233.56363176  1401.96658219   140.26442714
  1979.87879580   826.13522910  4892.74202384   805.24086835
  1793.86624708   803.59786501  4890.10409893   648.67271251
    -2.37417342     0.05513830    -2.00074168    -2.40000000
    -2.38209202     0.04606285    -1.99564944    -2.40000000
    -1.61815457     0.53750727     0.45629935    -2.40000000
     0.81714602     0.01142106     0.84516040     0.78991502
     0.16402335     0.00951992     0.19040578     0.14485345
     0.24142716     0.00976588     0.26895989     0.21948791
     0.54942289     0.00966695     0.57581085     0.52439222
     0.72789078     0.00910659     0.75134115     0.70358424
     0.87522314     0.00791687     0.89491098     0.85617746
     0.91743726     0.00746816     0.93551377     0.90000074
     0.94456492     0.00735018     0.96212219     0.92716784
     0.98336511     0.00606916     0.99722474     0.96881797
     1.00368435     0.00349012     1.01124031     0.99576346
     0.10975125     0.02428820     0.16620000     0.05710000
     0.00022669     0.00026487     0.00153333     0.00000000
         5        40      1200      0.0000000483      0.0000001296
         5        80      1200      0.0000000345      0.0000000055
         5       120      1200      0.0000000256      0.0000000116
         5       160      1200      0.0000000188      0.0000000006
         5       200      1200      0.0000000135      0.0000000372
         5       240      1200      0.0000000096      0.0000000363
         5       280      1200      0.0000000067      0.0000000002
         5       320      1200      0.0000000047      0.0000000001
         5       360      1200      0.0000000032      0.0000000003
         5       400      1200      0.0000000022      0.0000000001
         5       440      1200      0.0000000015      0.0000000000
         5       480      1200      0.0000000010      0.0000000000
         5       520      1200      0.0000000007      0.0000000000
         5       560      1200      0.0000000005      0.0000000000
         5       600      1200      0.0000000003      0.0000000000
         5       640      1200      0.0000000002      0.0000000000
         5       680      1200      0.0000000001      0.0000000000
         5       720      1200      0.0000000001      0.0000000000
         5       760      1200      0.0000000001      0.0000000000
         5       800      1200      0.0000000000      0.0000000000
         5       840      1200      0.0000000000      0.0000000000
         5       880      1200      0.0000000000      0.0000000000
         5       920      1200      0.0000000000      0.0000000000
         5       960      1200      0.0000000000      0.0000000000
         5      1000      1200      0.0000000000      0.0000000000
         5      1040      1200      0.0000000000      0.0000000000
         5      1080      1200      0.0000000000      0.0000000000
         5      1120      1200      0.0000000000      0.0000000000
         5      1160      1200      0.0000000000      0.0000000000
         5      1200      1200      0.0000000000      0.0000000000
   0.99500   0.99875   0.99500
   0.98580   0.98940   0.99300
   0.10000   0.80000   0.10000
    11.77938807     1.13395441     0.83948600     0.29446841     0.30399693
     0.24880155     0.03830084     0.01602283     0.02667681     0.00981084
     0.02112177     0.03377634     0.01908648     0.09059311     0.03227281
    12.37769126     1.19024817     0.87438066     0.33008617     0.31401600
    11.17003804     1.07917705     0.80320585     0.25723301     0.29439000
     0.09970890     0.96053580
     0.09970881     0.96053584
     0.99999092     0.00005605
    12.51047284     0.32710000
     0.09501989     0.96054154
     0.09502006     0.96054147
     0.99998529     0.00007678
    11.11282180     0.32710000
     0.09970888     0.96053581
     0.09501993     0.96054153
    40.63095149     3.36358824    49.34847408    35.41060608
   489.07213989   233.56355848  1401.96631315   140.26442236
  1979.87798845   826.13470334  4892.73957418   805.24068071
  1793.86566681   803.59738906  4890.10164886   648.67263649
    -2.37417342     0.05513830    -2.00074167    -2.40000000
    -2.38209202     0.04606286    -1.99564937    -2.40000000
    -1.61815450     0.53750730     0.45629955    -2.40000000
     0.81714600     0.01142106     0.84516038     0.78991500
     0.16402332     0.00951992     0.19040575     0.14485343
     0.24142713     0.00976588     0.26895986     0.21948789
     0.54942286     0.00966695     0.57581082     0.52439219
     0.72789075     0.00910659     0.75134113     0.70358421
     0.87522312     0.00791687     0.89491097     0.85617744
     0.91743725     0.00746816     0.93551376     0.90000073
     0.94456491     0.00735018     0.96212218     0.92716783
     0.98336511     0.00606916     0.99722474     0.96881797
     1.00368435     0.00349013     1.01124031     0.99576346
     0.10975124     0.02428819     0.16620000     0.05710000
     0.00022669     0.00026487     0.00153333     0.00000000
         6        40      1200      0.0000000250      0.0000000159
         6        80      1200      0.0000000173      0.0000000042
         6       120      1200      0.0000000128      0.0000001222
         6       160      1200      0.0000000094      0.0000000001
         6       200      1200      0.0000000067      0.0000000006
         6       240      1200      0.0000000048      0.0000000001
         6       280      1200      0.0000000033      0.0000000001
         6       320      1200      0.0000000023      0.0000000001
         6       360      1200      0.0000000016      0.0000000001
         6       400      1200      0.0000000011      0.0000000000
         6       440      1200      0.0000000008      0.0000000000
         6       480      1200      0.0000000005      0.0000000000
         6       520      1200      0.0000000003      0.0000000000
         6       560      1200      0.0000000002      0.0000000000
         6       600      1200      0.0000000002      0.0000000000
         6       640      1200      0.0000000001      0.0000000000
         6       680      1200      0.0000000001      0.0000000000
         6       720      1200      0.0000000000      0.0000000000
         6       760      1200      0.0000000000      0.0000000000
         6       800      1200      0.0000000000      0.0000000000
         6       840      1200      0.0000000000      0.0000000000
         6       880      1200      0.0000000000      0.0000000000
         6       920      1200      0.0000000000      0.0000000000
         6       960      1200      0.0000000000      0.0000000000
         6      1000      1200      0.0000000000      0.0000000000
         6      1040      1200      0.0000000000      0.0000000000
         6      1080      1200      0.0000000000      0.0000000000
         6      1120      1200      0.0000000000      0.0000000000
         6      1160      1200      0.0000000000      0.0000000000
         6      1200      1200      0.0000000000      0.0000000000
   0.99500   0.99875   0.99500
   0.98580   0.98940   0.99300
   0.10000   0.80000   0.10000
    11.77938811     1.13395441     0.83948600     0.29446842     0.30399693
     0.24880156     0.03830084     0.01602283     0.02667681     0.00981084
     0.02112177     0.03377634     0.01908648     0.09059311     0.03227281
    12.37769132     1.19024817     0.87438066     0.33008617     0.31401600
    11.17003804     1.07917705     0.80320585     0.25723302     0.29439000
     0.09970888     0.96053581
     0.09970880     0.96053584
     0.99999092     0.00005605
    12.51047290     0.32710000
     0.09501993     0.96054153
     0.09502005     0.96054148
     0.99998529     0.00007678
    11.11282178     0.32710000
     0.09970886     0.96053582
     0.09501996     0.96054151
    40.63094834     3.36358722    49.34846853    35.41060425
   489.07208186   233.56352198  1401.96617794   140.26441990
  1979.87758707   826.13444132  4892.73835026   805.24058694
  1793.86537803   803.59715173  4890.10042473   648.67259852
    -2.37417342     0.05513831    -2.00074166    -2.40000000
    -2.38209202     0.04606286    -1.99564934    -2.40000000
    -1.61815447     0.53750731     0.45629965    -2.40000000
     0.81714600     0.01142106     0.84516038     0.78991499
     0.16402331     0.00951992     0.19040574     0.14485342
     0.24142712     0.00976588     0.26895984     0.21948787
     0.54942284     0.00966695     0.57581081     0.52439217
     0.72789074     0.00910659     0.75134112     0.70358420
     0.87522312     0.00791687     0.89491096     0.85617743
     0.91743724     0.00746816     0.93551376     0.90000072
     0.94456490     0.00735018     0.96212218     0.92716783
     0.98336511     0.00606917     0.99722474     0.96881797
     1.00368435     0.00349013     1.01124031     0.99576346
     0.10975124     0.02428819     0.16620000     0.05710000
     0.00022669     0.00026487     0.00153333     0.00000000
         7        40      1200      0.0000000131      0.0000000148
         7        80      1200      0.0000000088      0.0000000136
         7       120      1200      0.0000000065      0.0000000104
         7       160      1200      0.0000000047      0.0000000002
         7       200      1200      0.0000000034      0.0000000002
         7       240      1200      0.0000000024      0.0000000131
         7       280      1200      0.0000000017      0.0000000006
         7       320      1200      0.0000000012      0.0000000000
         7       360      1200      0.0000000008      0.0000000000
         7       400      1200      0.0000000006      0.0000000001
         7       440      1200      0.0000000004      0.0000000003
         7       480      1200      0.0000000003      0.0000000000
         7       520      1200      0.0000000002      0.0000000000
         7       560      1200      0.0000000001      0.0000000000
         7       600      1200      0.0000000001      0.0000000000
         7       640      1200      0.0000000001      0.0000000000
         7       680      1200      0.0000000000      0.0000000000
         7       720      1200      0.0000000000      0.0000000000
         7       760      1200      0.0000000000      0.0000000000
         7       800      1200      0.0000000000      0.0000000000
         7       840      1200      0.0000000000      0.0000000000
         7       880      1200      0.0000000000      0.0000000000
         7       920      1200      0.0000000000      0.0000000000
         7       960      1200      0.0000000000      0.0000000000
         7      1000      1200      0.0000000000      0.0000000000
         7      1040      1200      0.0000000000      0.0000000000
         7      1080      1200      0.0000000000      0.0000000000
         7      1120      1200      0.0000000000      0.0000000000
         7      1160      1200      0.0000000000      0.0000000000
         7      1200      1200      0.0000000000      0.0000000000
   0.99500   0.99875   0.99500
   0.98580   0.98940   0.99300
   0.10000   0.80000   0.10000
    11.77938813     1.13395441     0.83948600     0.29446842     0.30399693
     0.24880157     0.03830084     0.01602283     0.02667681     0.00981084
     0.02112177     0.03377634     0.01908648     0.09059312     0.03227281
    12.37769135     1.19024817     0.87438066     0.33008617     0.31401600
    11.17003803     1.07917705     0.80320585     0.25723302     0.29439000
     0.09970886     0.96053582
     0.09970880     0.96053584
     0.99999092     0.00005605
    12.51047294     0.32710000
     0.09501996     0.96054151
     0.09502005     0.96054148
     0.99998529     0.00007678
    11.11282176     0.32710000
     0.09970885     0.96053583
     0.09501998     0.96054150
    40.63094675     3.36358671    49.34846574    35.41060332
   489.07205270   233.56350361  1401.96610918   140.26441860
  1979.87738499   826.13430899  4892.73773066   805.24053934
  1793.86523261   803.59703182  4890.09980504   648.67257931
    -2.37417342     0.05513831    -2.00074166    -2.40000000
    -2.38209202     0.04606286    -1.99564932    -2.40000000
    -1.61815445     0.53750732     0.45629971    -2.40000000
     0.81714599     0.01142107     0.84516038     0.78991499
     0.16402330     0.00951992     0.19040573     0.14485342
     0.24142711     0.00976588     0.26895983     0.21948787
     0.54942283     0.00966695     0.57581080     0.52439217
     0.72789073     0.00910659     0.75134111     0.70358419
     0.87522311     0.00791687     0.89491096     0.85617742
     0.91743724     0.00746816     0.93551376     0.90000072
     0.94456490     0.00735018     0.96212218     0.92716782
     0.98336511     0.00606917     0.99722474     0.96881797
     1.00368435     0.00349013     1.01124031     0.99576346
     0.10975124     0.02428819     0.16620000     0.05710000
     0.00022669     0.00026487     0.00153333     0.00000000
         8        40      1200      0.0000000069      0.0000000011
         8        80      1200      0.0000000044      0.0000000003
         8       120      1200      0.0000000032      0.0000000001
         8       160      1200      0.0000000023      0.0000000012
         8       200      1200      0.0000000017      0.0000000000
         8       240      1200      0.0000000012      0.0000000000
         8       280      1200      0.0000000008      0.0000000001
         8       320      1200      0.0000000006      0.0000000000
         8       360      1200      0.0000000004      0.0000000001
         8       400      1200      0.0000000003      0.0000000000
         8       440      1200      0.0000000002      0.0000000000
         8       480      1200      0.0000000001      0.0000000000
         8       520      1200      0.0000000001      0.0000000000
         8       560      1200      0.0000000001      0.0000000000
         8       600      1200      0.0000000000      0.0000000000
         8       640      1200      0.0000000000      0.0000000000
         8       680      1200      0.0000000000      0.0000000000
         8       720      1200      0.0000000000      0.0000000000
         8       760      1200      0.0000000000      0.0000000000
         8       800      1200      0.0000000000      0.0000000000
         8       840      1200      0.0000000000      0.0000000000
         8       880      1200      0.0000000000      0.0000000000
         8       920      1200      0.0000000000      0.0000000000
         8       960      1200      0.0000000000      0.0000000000
         8      1000      1200      0.0000000000      0.0000000000
         8      1040      1200      0.0000000000      0.0000000000
         8      1080      1200      0.0000000000      0.0000000000
         8      1120      1200      0.0000000000      0.0000000000
         8      1160      1200      0.0000000000      0.0000000000
         8      1200      1200      0.0000000000      0.0000000000
   0.99500   0.99875   0.99500
   0.98580   0.98940   0.99300
   0.10000   0.80000   0.10000
    11.77938814     1.13395441     0.83948600     0.29446842     0.30399693
     0.24880157     0.03830084     0.01602283     0.02667681     0.00981084
     0.02112177     0.03377634     0.01908648     0.09059312     0.03227281
    12.37769137     1.19024817     0.87438066     0.33008617     0.31401600
    11.17003802     1.07917705     0.80320585     0.25723302     0.29439000
     0.09970885     0.96053583
     0.09970880     0.96053584
     0.99999092     0.00005605
    12.51047296     0.32710000
     0.09501998     0.96054150
     0.09502004     0.96054148
     0.99998529     0.00007678
    11.11282174     0.32710000
     0.09970884     0.96053583
     0.09502000     0.96054150
    40.63094597     3.36358646    49.34846437    35.41060285
   489.07203836   233.56349454  1401.96607464   140.26441792
  1979.87728593   826.13424400  4892.73742534   805.24051554
  1793.86516127   803.59697288  4890.09949966   648.67256974
    -2.37417342     0.05513831    -2.00074166    -2.40000000
    -2.38209201     0.04606286    -1.99564931    -2.40000000
    -1.61815445     0.53750732     0.45629973    -2.40000000
     0.81714599     0.01142107     0.84516037     0.78991499
     0.16402330     0.00951992     0.19040573     0.14485342
     0.24142711     0.00976588     0.26895983     0.21948787
     0.54942283     0.00966695     0.57581079     0.52439216
     0.72789073     0.00910659     0.75134111     0.70358419
     0.87522311     0.00791687     0.89491096     0.85617742
     0.91743724     0.00746816     0.93551376     0.90000072
     0.94456490     0.00735018     0.96212218     0.92716782
     0.98336511     0.00606917     0.99722474     0.96881796
     1.00368435     0.00349013     1.01124031     0.99576346
     0.10975124     0.02428819     0.16620000     0.05710000
     0.00022669     0.00026487     0.00153333     0.00000000
         9        40      1200      0.0000000038      0.0000000013
         9        80      1200      0.0000000023      0.0000000001
         9       120      1200      0.0000000017      0.0000000001
         9       160      1200      0.0000000012      0.0000000000
         9       200      1200      0.0000000009      0.0000000001
         9       240      1200      0.0000000006      0.0000000000
         9       280      1200      0.0000000004      0.0000000000
         9       320      1200      0.0000000003      0.0000000000
         9       360      1200      0.0000000002      0.0000000000
         9       400      1200      0.0000000001      0.0000000000
         9       440      1200      0.0000000001      0.0000000000
         9       480      1200      0.0000000001      0.0000000000
         9       520      1200      0.0000000000      0.0000000000
         9       560      1200      0.0000000000      0.0000000000
         9       600      1200      0.0000000000      0.0000000000
         9       640      1200      0.0000000000      0.0000000000
         9       680      1200      0.0000000000      0.0000000000
         9       720      1200      0.0000000000      0.0000000000
         9       760      1200      0.0000000000      0.0000000000
         9       800      1200      0.0000000000      0.0000000000
         9       840      1200      0.0000000000      0.0000000000
         9       880      1200      0.0000000000      0.0000000000
         9       920      1200      0.0000000000      0.0000000000
         9       960      1200      0.0000000000      0.0000000000
         9      1000      1200      0.0000000000      0.0000000000
         9      1040      1200      0.0000000000      0.0000000000
         9      1080      1200      0.0000000000      0.0000000000
         9      1120      1200      0.0000000000      0.0000000000
         9      1160      1200      0.0000000000      0.0000000000
         9      1200      1200      0.0000000000      0.0000000000
   0.99500   0.99875   0.99500
   0.98580   0.98940   0.99300
   0.10000   0.80000   0.10000
    11.77938815     1.13395441     0.83948600     0.29446842     0.30399693
     0.24880157     0.03830084     0.01602283     0.02667681     0.00981084
     0.02112177     0.03377635     0.01908648     0.09059312     0.03227281
    12.37769138     1.19024817     0.87438066     0.33008617     0.31401600
    11.17003802     1.07917705     0.80320585     0.25723302     0.29439000
     0.09970884     0.96053583
     0.09970880     0.96053584
     0.99999092     0.00005605
    12.51047296     0.32710000
     0.09502000     0.96054150
     0.09502004     0.96054148
     0.99998529     0.00007678
    11.11282173     0.32710000
     0.09970883     0.96053583
     0.09502001     0.96054149
    40.63094556     3.36358633    49.34846364    35.41060260
   489.07203086   233.56348976  1401.96605637   140.26441753
  1979.87723405   826.13420992  4892.73726558   805.24050301
  1793.86512384   803.59694189  4890.09933990   648.67256474
    -2.37417342     0.05513831    -2.00074165    -2.40000000
    -2.38209201     0.04606286    -1.99564930    -2.40000000
    -1.61815444     0.53750733     0.45629975    -2.40000000
     0.81714599     0.01142107     0.84516037     0.78991498
     0.16402330     0.00951992     0.19040572     0.14485341
     0.24142710     0.00976588     0.26895983     0.21948786
     0.54942283     0.00966695     0.57581079     0.52439216
     0.72789073     0.00910659     0.75134111     0.70358418
     0.87522311     0.00791687     0.89491096     0.85617742
     0.91743724     0.00746816     0.93551376     0.90000072
     0.94456490     0.00735018     0.96212218     0.92716782
     0.98336511     0.00606917     0.99722474     0.96881796
     1.00368435     0.00349013     1.01124031     0.99576346
     0.10975124     0.02428819     0.16620000     0.05710000
     0.00022669     0.00026487     0.00153333     0.00000000
        10        40      1200      0.0000000020      0.0000000001
        10        80      1200      0.0000000011      0.0000000038
        10       120      1200      0.0000000008      0.0000000003
        10       160      1200      0.0000000006      0.0000000001
        10       200      1200      0.0000000004      0.0000000000
        10       240      1200      0.0000000003      0.0000000000
        10       280      1200      0.0000000002      0.0000000000
        10       320      1200      0.0000000001      0.0000000000
        10       360      1200      0.0000000001      0.0000000000
        10       400      1200      0.0000000001      0.0000000000
        10       440      1200      0.0000000000      0.0000000000
        10       480      1200      0.0000000000      0.0000000000
        10       520      1200      0.0000000000      0.0000000000
        10       560      1200      0.0000000000      0.0000000000
        10       600      1200      0.0000000000      0.0000000000
        10       640      1200      0.0000000000      0.0000000000
        10       680      1200      0.0000000000      0.0000000000
        10       720      1200      0.0000000000      0.0000000000
        10       760      1200      0.0000000000      0.0000000000
        10       800      1200      0.0000000000      0.0000000000
        10       840      1200      0.0000000000      0.0000000000
        10       880      1200      0.0000000000      0.0000000000
        10       920      1200      0.0000000000      0.0000000000
        10       960      1200      0.0000000000      0.0000000000
        10      1000      1200      0.0000000000      0.0000000000
        10      1040      1200      0.0000000000      0.0000000000
        10      1080      1200      0.0000000000      0.0000000000
        10      1120      1200      0.0000000000      0.0000000000
        10      1160      1200      0.0000000000      0.0000000000
        10      1200      1200      0.0000000000      0.0000000000
   0.99500   0.99875   0.99500
   0.98580   0.98940   0.99300
   0.10000   0.80000   0.10000
    11.77938815     1.13395441     0.83948600     0.29446842     0.30399693
     0.24880157     0.03830084     0.01602283     0.02667681     0.00981084
     0.02112177     0.03377635     0.01908648     0.09059312     0.03227281
    12.37769139     1.19024817     0.87438066     0.33008617     0.31401600
    11.17003801     1.07917705     0.80320585     0.25723302     0.29439000
     0.09970883     0.96053583
     0.09970880     0.96053584
     0.99999092     0.00005605
    12.51047297     0.32710000
     0.09502001     0.96054149
     0.09502004     0.96054148
     0.99998529     0.00007678
    11.11282171     0.32710000
     0.09970882     0.96053584
     0.09502002     0.96054149
    40.63094537     3.36358627    49.34846331    35.41060247
   489.07202733   233.56348750  1401.96604730   140.26441734
  1979.87720938   826.13419344  4892.73718616   805.24049682
  1793.86510599   803.59692689  4890.09926047   648.67256227
    -2.37417342     0.05513831    -2.00074165    -2.40000000
    -2.38209201     0.04606286    -1.99564930    -2.40000000
    -1.61815444     0.53750733     0.45629976    -2.40000000
     0.81714599     0.01142107     0.84516037     0.78991498
     0.16402330     0.00951992     0.19040572     0.14485341
     0.24142710     0.00976588     0.26895982     0.21948786
     0.54942283     0.00966695     0.57581079     0.52439216
     0.72789073     0.00910659     0.75134111     0.70358418
     0.87522311     0.00791687     0.89491096     0.85617742
     0.91743724     0.00746816     0.93551376     0.90000072
     0.94456490     0.00735018     0.96212218     0.92716782
     0.98336511     0.00606917     0.99722474     0.96881796
     1.00368435     0.00349013     1.01124031     0.99576346
     0.10975124     0.02428819     0.16620000     0.05710000
     0.00022669     0.00026487     0.00153333     0.00000000
        11        40      1200      0.0000000012      0.0000000001
        11        80      1200      0.0000000007      0.0000000001
        11       120      1200      0.0000000005      0.0000000001
        11       160      1200      0.0000000003      0.0000000001
        11       200      1200      0.0000000002      0.0000000000
        11       240      1200      0.0000000002      0.0000000000
        11       280      1200      0.0000000001      0.0000000000
        11       320      1200      0.0000000001      0.0000000000
        11       360      1200      0.0000000001      0.0000000000
        11       400      1200      0.0000000000      0.0000000000
        11       440      1200      0.0000000000      0.0000000000
        11       480      1200      0.0000000000      0.0000000000
        11       520      1200      0.0000000000      0.0000000000
        11       560      1200      0.0000000000      0.0000000000
        11       600      1200      0.0000000000      0.0000000000
        11       640      1200      0.0000000000      0.0000000000
        11       680      1200      0.0000000000      0.0000000000
        11       720      1200      0.0000000000      0.0000000000
        11       760      1200      0.0000000000      0.0000000000
        11       800      1200      0.0000000000      0.0000000000
        11       840      1200      0.0000000000      0.0000000000
        11       880      1200      0.0000000000      0.0000000000
        11       920      1200      0.0000000000      0.0000000000
        11       960      1200      0.0000000000      0.0000000000
        11      1000      1200      0.0000000000      0.0000000000
        11      1040      1200      0.0000000000      0.0000000000
        11      1080      1200      0.0000000000      0.0000000000
        11      1120      1200      0.0000000000      0.0000000000
        11      1160      1200      0.0000000000      0.0000000000
        11      1200      1200      0.0000000000      0.0000000000
   0.99500   0.99875   0.99500
   0.98580   0.98940   0.99300
   0.10000   0.80000   0.10000
    11.77938815     1.13395441     0.83948600     0.29446842     0.30399693
     0.24880158     0.03830084     0.01602283     0.02667681     0.00981084
     0.02112177     0.03377635     0.01908648     0.09059312     0.03227281
    12.37769139     1.19024817     0.87438066     0.33008617     0.31401600
    11.17003801     1.07917705     0.80320585     0.25723302     0.29439000
     0.09970882     0.96053584
     0.09970881     0.96053584
     0.99999092     0.00005605
    12.51047297     0.32710000
     0.09502002     0.96054149
     0.09502004     0.96054148
     0.99998529     0.00007678
    11.11282171     0.32710000
     0.09970882     0.96053584
     0.09502002     0.96054149
    40.63094526     3.36358623    49.34846311    35.41060240
   489.07202533   233.56348621  1401.96604200   140.26441721
  1979.87719534   826.13418407  4892.73714170   805.24049344
  1793.86509589   803.59691838  4890.09921601   648.67256090
    -2.37417342     0.05513831    -2.00074165    -2.40000000
    -2.38209201     0.04606286    -1.99564930    -2.40000000
    -1.61815444     0.53750733     0.45629976    -2.40000000
     0.81714599     0.01142107     0.84516037     0.78991498
     0.16402330     0.00951992     0.19040572     0.14485341
     0.24142710     0.00976588     0.26895982     0.21948786
     0.54942283     0.00966695     0.57581079     0.52439216
     0.72789073     0.00910659     0.75134111     0.70358418
     0.87522311     0.00791687     0.89491096     0.85617742
     0.91743724     0.00746816     0.93551376     0.90000072
     0.94456490     0.00735018     0.96212218     0.92716782
     0.98336511     0.00606917     0.99722474     0.96881796
     1.00368435     0.00349013     1.01124031     0.99576346
     0.10975124     0.02428819     0.16620000     0.05710000
     0.00022669     0.00026487     0.00153333     0.00000000
        12        40      1200      0.0000000005      0.0000000002
        12        80      1200      0.0000000002      0.0000000000
        12       120      1200      0.0000000002      0.0000000000
        12       160      1200      0.0000000001      0.0000000000
        12       200      1200      0.0000000001      0.0000000000
        12       240      1200      0.0000000001      0.0000000000
        12       280      1200      0.0000000000      0.0000000000
        12       320      1200      0.0000000000      0.0000000000
        12       360      1200      0.0000000000      0.0000000000
        12       400      1200      0.0000000000      0.0000000000
        12       440      1200      0.0000000000      0.0000000000
        12       480      1200      0.0000000000      0.0000000000
        12       520      1200      0.0000000000      0.0000000000
        12       560      1200      0.0000000000      0.0000000000
        12       600      1200      0.0000000000      0.0000000000
        12       640      1200      0.0000000000      0.0000000000
        12       680      1200      0.0000000000      0.0000000000
        12       720      1200      0.0000000000      0.0000000000
        12       760      1200      0.0000000000      0.0000000000
        12       800      1200      0.0000000000      0.0000000000
        12       840      1200      0.0000000000      0.0000000000
        12       880      1200      0.0000000000      0.0000000000
        12       920      1200      0.0000000000      0.0000000000
        12       960      1200      0.0000000000      0.0000000000
        12      1000      1200      0.0000000000      0.0000000000
        12      1040      1200      0.0000000000      0.0000000000
        12      1080      1200      0.0000000000      0.0000000000
        12      1120      1200      0.0000000000      0.0000000000
        12      1160      1200      0.0000000000      0.0000000000
        12      1200      1200      0.0000000000      0.0000000000
   0.99500   0.99875   0.99500
   0.98580   0.98940   0.99300
   0.10000   0.80000   0.10000
    11.77938815     1.13395441     0.83948600     0.29446842     0.30399693
     0.24880158     0.03830084     0.01602283     0.02667681     0.00981084
     0.02112177     0.03377635     0.01908648     0.09059312     0.03227281
    12.37769139     1.19024817     0.87438066     0.33008617     0.31401600
    11.17003801     1.07917705     0.80320585     0.25723302     0.29439000
     0.09970882     0.96053584
     0.09970881     0.96053584
     0.99999092     0.00005605
    12.51047297     0.32710000
     0.09502002     0.96054149
     0.09502004     0.96054148
     0.99998529     0.00007678
    11.11282170     0.32710000
     0.09970881     0.96053584
     0.09502003     0.96054149
    40.63094523     3.36358622    49.34846305    35.41060237
   489.07202470   233.56348579  1401.96604008   140.26441716
  1979.87719103   826.13418113  4892.73712739   805.24049220
  1793.86509272   803.59691563  4890.09920173   648.67256044
    -2.37417342     0.05513831    -2.00074165    -2.40000000
    -2.38209201     0.04606286    -1.99564930    -2.40000000
    -1.61815444     0.53750733     0.45629976    -2.40000000
     0.81714599     0.01142107     0.84516037     0.78991498
     0.16402330     0.00951992     0.19040572     0.14485341
     0.24142710     0.00976588     0.26895982     0.21948786
     0.54942283     0.00966695     0.57581079     0.52439216
     0.72789073     0.00910659     0.75134111     0.70358418
     0.87522311     0.00791687     0.89491096     0.85617742
     0.91743724     0.00746816     0.93551376     0.90000072
     0.94456490     0.00735018     0.96212218     0.92716782
     0.98336511     0.00606917     0.99722474     0.96881796
     1.00368435     0.00349013     1.01124031     0.99576346
     0.10975123     0.02428820     0.16620000     0.05710000
     0.00022669     0.00026487     0.00153333     0.00000000
